<?xml version="1.0" encoding="UTF-8"?>
<!-- Generated by org.testng.reporters.JUnitReportReporter -->
<testsuite hostname="DESKTOP-VI5KCQR" failures="0" tests="2" name="Qaclickacademy.Mavenjava1.SeleniumTest" time="0.003" errors="0" timestamp="2020-06-12T16:11:25 CDT" skipped="0">
  <testcase classname="Qaclickacademy.Mavenjava1.SeleniumTest" name="BrowserAutomation" time="0.002"/>
  <system-out/>
  <testcase classname="Qaclickacademy.Mavenjava1.SeleniumTest" name="ElementsUi" time="0.001"/>
  <system-out/>
</testsuite> <!-- Qaclickacademy.Mavenjava1.SeleniumTest -->
