<?xml version="1.0" encoding="UTF-8"?>
<!-- Generated by org.testng.reporters.JUnitReportReporter -->
<testsuite hostname="DESKTOP-VI5KCQR" failures="0" tests="2" name="Qaclickacademy.Mavenjava1.RestAPITest" time="0.005" errors="0" timestamp="2020-06-05T13:53:29 CDT" skipped="0">
  <testcase classname="Qaclickacademy.Mavenjava1.RestAPITest" name="postjira" time="0.003"/>
  <system-out/>
  <testcase classname="Qaclickacademy.Mavenjava1.RestAPITest" name="deleteTwitter" time="0.002"/>
  <system-out/>
</testsuite> <!-- Qaclickacademy.Mavenjava1.RestAPITest -->
