<?xml version="1.0" encoding="UTF-8"?>
<!-- Generated by org.testng.reporters.JUnitReportReporter -->
<testsuite hostname="DESKTOP-VI5KCQR" failures="0" tests="2" name="Qaclickacademy.Mavenjava1.RestAPITest" time="0.000" errors="0" timestamp="2020-06-07T23:53:19 CDT" skipped="0">
  <testcase classname="Qaclickacademy.Mavenjava1.RestAPITest" name="deleteTwitter" time="0.000"/>
  <system-out/>
  <testcase classname="Qaclickacademy.Mavenjava1.RestAPITest" name="postjira" time="0.000"/>
  <system-out/>
</testsuite> <!-- Qaclickacademy.Mavenjava1.RestAPITest -->
